{"synthetic": false,
 "schemaVersion": "2025-09-10",
 "outputs":
 {"o": ["e76fc337544195ed.olean"],
  "i": "b0ed217ab048a7d6.ilean",
  "c": "19688126746138c2.c"},
 "log":
 [{"message":
   ".> LEAN_PATH=C:\\Users\\Gabriela\\kmpstudy\\.lake\\packages\\Cli\\.lake\\build\\lib\\lean;C:\\Users\\Gabriela\\kmpstudy\\.lake\\packages\\batteries\\.lake\\build\\lib\\lean;C:\\Users\\Gabriela\\kmpstudy\\.lake\\packages\\Qq\\.lake\\build\\lib\\lean;C:\\Users\\Gabriela\\kmpstudy\\.lake\\packages\\aesop\\.lake\\build\\lib\\lean;C:\\Users\\Gabriela\\kmpstudy\\.lake\\packages\\proofwidgets\\.lake\\build\\lib\\lean;C:\\Users\\Gabriela\\kmpstudy\\.lake\\packages\\importGraph\\.lake\\build\\lib\\lean;C:\\Users\\Gabriela\\kmpstudy\\.lake\\packages\\LeanSearchClient\\.lake\\build\\lib\\lean;C:\\Users\\Gabriela\\kmpstudy\\.lake\\packages\\plausible\\.lake\\build\\lib\\lean;C:\\Users\\Gabriela\\kmpstudy\\.lake\\packages\\mathlib\\.lake\\build\\lib\\lean;C:\\Users\\Gabriela\\kmpstudy\\.lake\\build\\lib\\lean c:\\Users\\Gabriela\\.elan\\toolchains\\leanprover--lean4---v4.27.0-rc1\\bin\\lean.exe C:\\Users\\Gabriela\\kmpstudy\\Kmpstudy\\KMP\\Algorithm.lean -o C:\\Users\\Gabriela\\kmpstudy\\.lake\\build\\lib\\lean\\Kmpstudy\\KMP\\Algorithm.olean -i C:\\Users\\Gabriela\\kmpstudy\\.lake\\build\\lib\\lean\\Kmpstudy\\KMP\\Algorithm.ilean -c C:\\Users\\Gabriela\\kmpstudy\\.lake\\build\\ir\\Kmpstudy\\KMP\\Algorithm.c --setup C:\\Users\\Gabriela\\kmpstudy\\.lake\\build\\ir\\Kmpstudy\\KMP\\Algorithm.setup.json --json",
   "level": "trace"}],
 "inputs":
 [["Kmpstudy.KMP.Algorithm:deps",
   [["deps",
     [["kmpstudy/Kmpstudy:extraDep",
       [["@kmpstudy:extraDep", "00000000000006bb"]]],
      ["imports",
       [["Kmpstudy.Basic.Strings transitive imports (legacy)",
         "08cd4ba4e889b1db"],
        ["Kmpstudy.Basic.Strings:importAllArts", "c32561d28ebd80af"],
        ["Kmpstudy.Basic.PrefixSuffix transitive imports (legacy)",
         "274ca24c3cf8e1e0"],
        ["Kmpstudy.Basic.PrefixSuffix:importAllArts", "046499951868ea07"],
        ["Mathlib.Data.List.Basic transitive imports (legacy)",
         "c907fa4853ede89d"],
        ["Mathlib.Data.List.Basic:importAllArts", "96600b598440d902"]]]]],
    ["libs",
     [["import dynlibs", "00000000000006bb"],
      ["package external libraries", "00000000000006bb"],
      ["module dynlibs", "00000000000006bb"],
      ["module plugins", "00000000000006bb"]]]]],
  ["Lean 4.27.0, commit 2fcce7258eeb6e324366bc25f9058293b04b7547",
   "6f43b597efea5d4c"],
  ["C:\\Users\\Gabriela\\kmpstudy\\Kmpstudy\\KMP\\Algorithm.lean",
   "554c6b83976d1b26"],
  ["options", "00000000000006bb"],
  ["Module.leanArgs: #[]", "00000000000006bb"]],
 "depHash": "ab41a623c02384e8"}