{"synthetic": false,
 "schemaVersion": "2025-09-10",
 "outputs":
 {"o": ["df60afd966c4dc56.olean"],
  "i": "346503663dedd5ca.ilean",
  "c": "d749d096d18325d4.c"},
 "log":
 [{"message":
   ".> LEAN_PATH=C:\\Users\\Gabriela\\kmpstudy\\.lake\\packages\\Cli\\.lake\\build\\lib\\lean;C:\\Users\\Gabriela\\kmpstudy\\.lake\\packages\\batteries\\.lake\\build\\lib\\lean;C:\\Users\\Gabriela\\kmpstudy\\.lake\\packages\\Qq\\.lake\\build\\lib\\lean;C:\\Users\\Gabriela\\kmpstudy\\.lake\\packages\\aesop\\.lake\\build\\lib\\lean;C:\\Users\\Gabriela\\kmpstudy\\.lake\\packages\\proofwidgets\\.lake\\build\\lib\\lean;C:\\Users\\Gabriela\\kmpstudy\\.lake\\packages\\importGraph\\.lake\\build\\lib\\lean;C:\\Users\\Gabriela\\kmpstudy\\.lake\\packages\\LeanSearchClient\\.lake\\build\\lib\\lean;C:\\Users\\Gabriela\\kmpstudy\\.lake\\packages\\plausible\\.lake\\build\\lib\\lean;C:\\Users\\Gabriela\\kmpstudy\\.lake\\packages\\mathlib\\.lake\\build\\lib\\lean;C:\\Users\\Gabriela\\kmpstudy\\.lake\\build\\lib\\lean c:\\Users\\Gabriela\\.elan\\toolchains\\leanprover--lean4---v4.27.0-rc1\\bin\\lean.exe C:\\Users\\Gabriela\\kmpstudy\\Kmpstudy\\Basic.lean -o C:\\Users\\Gabriela\\kmpstudy\\.lake\\build\\lib\\lean\\Kmpstudy\\Basic.olean -i C:\\Users\\Gabriela\\kmpstudy\\.lake\\build\\lib\\lean\\Kmpstudy\\Basic.ilean -c C:\\Users\\Gabriela\\kmpstudy\\.lake\\build\\ir\\Kmpstudy\\Basic.c --setup C:\\Users\\Gabriela\\kmpstudy\\.lake\\build\\ir\\Kmpstudy\\Basic.setup.json --json",
   "level": "trace"}],
 "inputs":
 [["Kmpstudy.Basic:deps",
   [["deps",
     [["kmpstudy/Kmpstudy:extraDep",
       [["@kmpstudy:extraDep", "00000000000006bb"]]],
      ["imports", "00000000000006bb"]]],
    ["libs",
     [["import dynlibs", "00000000000006bb"],
      ["package external libraries", "00000000000006bb"],
      ["module dynlibs", "00000000000006bb"],
      ["module plugins", "00000000000006bb"]]]]],
  ["Lean 4.27.0, commit 2fcce7258eeb6e324366bc25f9058293b04b7547",
   "6f43b597efea5d4c"],
  ["C:\\Users\\Gabriela\\kmpstudy\\Kmpstudy\\Basic.lean", "be35d22d2ee1361b"],
  ["options", "00000000000006bb"],
  ["Module.leanArgs: #[]", "00000000000006bb"]],
 "depHash": "c9b647829ab93195"}