{"synthetic": false,
 "schemaVersion": "2025-09-10",
 "outputs":
 {"o": ["71b35215ca318b64.olean"],
  "i": "5d61c987d529966e.ilean",
  "c": "67e56d78666ec827.c"},
 "log":
 [{"message":
   ".> LEAN_PATH=C:\\Users\\Gabriela\\kmpstudy\\.lake\\packages\\Cli\\.lake\\build\\lib\\lean;C:\\Users\\Gabriela\\kmpstudy\\.lake\\packages\\batteries\\.lake\\build\\lib\\lean;C:\\Users\\Gabriela\\kmpstudy\\.lake\\packages\\Qq\\.lake\\build\\lib\\lean;C:\\Users\\Gabriela\\kmpstudy\\.lake\\packages\\aesop\\.lake\\build\\lib\\lean;C:\\Users\\Gabriela\\kmpstudy\\.lake\\packages\\proofwidgets\\.lake\\build\\lib\\lean;C:\\Users\\Gabriela\\kmpstudy\\.lake\\packages\\importGraph\\.lake\\build\\lib\\lean;C:\\Users\\Gabriela\\kmpstudy\\.lake\\packages\\LeanSearchClient\\.lake\\build\\lib\\lean;C:\\Users\\Gabriela\\kmpstudy\\.lake\\packages\\plausible\\.lake\\build\\lib\\lean;C:\\Users\\Gabriela\\kmpstudy\\.lake\\packages\\mathlib\\.lake\\build\\lib\\lean;C:\\Users\\Gabriela\\kmpstudy\\.lake\\build\\lib\\lean c:\\Users\\Gabriela\\.elan\\toolchains\\leanprover--lean4---v4.27.0-rc1\\bin\\lean.exe C:\\Users\\Gabriela\\kmpstudy\\Kmpstudy.lean -o C:\\Users\\Gabriela\\kmpstudy\\.lake\\build\\lib\\lean\\Kmpstudy.olean -i C:\\Users\\Gabriela\\kmpstudy\\.lake\\build\\lib\\lean\\Kmpstudy.ilean -c C:\\Users\\Gabriela\\kmpstudy\\.lake\\build\\ir\\Kmpstudy.c --setup C:\\Users\\Gabriela\\kmpstudy\\.lake\\build\\ir\\Kmpstudy.setup.json --json",
   "level": "trace"}],
 "inputs":
 [["Kmpstudy:deps",
   [["deps",
     [["kmpstudy/Kmpstudy:extraDep",
       [["@kmpstudy:extraDep", "00000000000006bb"]]],
      ["imports",
       [["Kmpstudy.Basic transitive imports (legacy)", "00000000000006bb"],
        ["Kmpstudy.Basic:importAllArts", "9f9bbb1747ab56d1"]]]]],
    ["libs",
     [["import dynlibs", "00000000000006bb"],
      ["package external libraries", "00000000000006bb"],
      ["module dynlibs", "00000000000006bb"],
      ["module plugins", "00000000000006bb"]]]]],
  ["Lean 4.27.0, commit 2fcce7258eeb6e324366bc25f9058293b04b7547",
   "6f43b597efea5d4c"],
  ["C:\\Users\\Gabriela\\kmpstudy\\Kmpstudy.lean", "1ee967821747457b"],
  ["options", "00000000000006bb"],
  ["Module.leanArgs: #[]", "00000000000006bb"]],
 "depHash": "60fc8cd8cd0902a4"}