{"synthetic": false,
 "schemaVersion": "2025-09-10",
 "outputs":
 {"o": ["abe079c44eb8eb33.olean"],
  "i": "1deaa841ea032f59.ilean",
  "c": "0cc9ee2c3a4c865b.c"},
 "log":
 [{"message":
   ".> LEAN_PATH=C:\\Users\\Gabriela\\kmpstudy\\.lake\\packages\\Cli\\.lake\\build\\lib\\lean;C:\\Users\\Gabriela\\kmpstudy\\.lake\\packages\\batteries\\.lake\\build\\lib\\lean;C:\\Users\\Gabriela\\kmpstudy\\.lake\\packages\\Qq\\.lake\\build\\lib\\lean;C:\\Users\\Gabriela\\kmpstudy\\.lake\\packages\\aesop\\.lake\\build\\lib\\lean;C:\\Users\\Gabriela\\kmpstudy\\.lake\\packages\\proofwidgets\\.lake\\build\\lib\\lean;C:\\Users\\Gabriela\\kmpstudy\\.lake\\packages\\importGraph\\.lake\\build\\lib\\lean;C:\\Users\\Gabriela\\kmpstudy\\.lake\\packages\\LeanSearchClient\\.lake\\build\\lib\\lean;C:\\Users\\Gabriela\\kmpstudy\\.lake\\packages\\plausible\\.lake\\build\\lib\\lean;C:\\Users\\Gabriela\\kmpstudy\\.lake\\packages\\mathlib\\.lake\\build\\lib\\lean;C:\\Users\\Gabriela\\kmpstudy\\.lake\\build\\lib\\lean c:\\Users\\Gabriela\\.elan\\toolchains\\leanprover--lean4---v4.27.0-rc1\\bin\\lean.exe C:\\Users\\Gabriela\\kmpstudy\\Main.lean -o C:\\Users\\Gabriela\\kmpstudy\\.lake\\build\\lib\\lean\\Main.olean -i C:\\Users\\Gabriela\\kmpstudy\\.lake\\build\\lib\\lean\\Main.ilean -c C:\\Users\\Gabriela\\kmpstudy\\.lake\\build\\ir\\Main.c --setup C:\\Users\\Gabriela\\kmpstudy\\.lake\\build\\ir\\Main.setup.json --json",
   "level": "trace"}],
 "inputs":
 [["Main:deps",
   [["deps",
     [["kmpstudy/kmpstudy:extraDep",
       [["@kmpstudy:extraDep", "00000000000006bb"]]],
      ["imports",
       [["Kmpstudy.KMP.Algorithm transitive imports (legacy)",
         "d3491365232361cc"],
        ["Kmpstudy.KMP.Algorithm:importAllArts", "3b1efa8e321417c6"]]]]],
    ["libs",
     [["import dynlibs", "00000000000006bb"],
      ["package external libraries", "00000000000006bb"],
      ["module dynlibs", "00000000000006bb"],
      ["module plugins", "00000000000006bb"]]]]],
  ["Lean 4.27.0, commit 2fcce7258eeb6e324366bc25f9058293b04b7547",
   "6f43b597efea5d4c"],
  ["C:\\Users\\Gabriela\\kmpstudy\\Main.lean", "518bd3836db4e4d3"],
  ["options", "00000000000006bb"],
  ["Module.leanArgs: #[]", "00000000000006bb"]],
 "depHash": "5a9127bfeda81e84"}